
> oj-frontend@0.1.0 serve
> vue-cli-service serve

 INFO  Starting development server...
[3%] setup (watch run)
[2K[1A[2K[G[3%] setup (watch run vue-loader-plugin)
[2K[1A[2K[G[3%] setup (watch run ESLintWebpackPlugin_1)
[2K[1A[2K[G[3%] setup (watch run ForkTsCheckerWebpackPlugin)
[2K[1A[2K[G[3%] setup (watch run webpack-dev-middleware)
[2K[1A[2K[G[3%] setup (watch run)
[2K[1A[2K[G[4%] setup (normal module factory)
[2K[1A[2K[G[4%] setup (normal module factory CaseSensitivePathsPlugin)
[2K[1A[2K[G[4%] setup (normal module factory)
[2K[1A[2K[G[5%] setup (context module factory)
[2K[1A[2K[G[6%] setup (before compile)
[2K[1A[2K[G[6%] setup (before compile ProgressPlugin)
[2K[1A[2K[G[6%] setup (before compile)
[2K[1A[2K[G[7%] setup (compile)
[2K[1A[2K[G[7%] setup (compile ExternalsPlugin)
[2K[1A[2K[G[7%] setup (compile)
[2K[1A[2K[G[8%] setup (compilation)
[2K[1A[2K[G[8%] setup (compilation CopyPlugin)
[2K[1A[2K[G[8%] setup (compilation ArrayPushCallbackChunkFormatPlugin)
[2K[1A[2K[G[8%] setup (compilation JsonpChunkLoadingPlugin)
[2K[1A[2K[G[8%] setup (compilation StartupChunkDependenciesPlugin)
[2K[1A[2K[G[8%] setup (compilation ImportScriptsChunkLoadingPlugin)
[2K[1A[2K[G[8%] setup (compilation FetchCompileWasmPlugin)
[2K[1A[2K[G[8%] setup (compilation FetchCompileAsyncWasmPlugin)
[2K[1A[2K[G[8%] setup (compilation WorkerPlugin)
[2K[1A[2K[G[8%] setup (compilation SplitChunksPlugin)
[2K[1A[2K[G[8%] setup (compilation ResolverCachePlugin)
[2K[1A[2K[G[8%] setup (compilation HtmlWebpackPlugin)
[2K[1A[2K[G[8%] setup (compilation)
[2K[1A[2K[G[9%] setup (compilation)
[2K[1A[2K[G[9%] setup (compilation vue-loader-plugin)
[2K[1A[2K[G[9%] setup (compilation DefinePlugin)
[2K[1A[2K[G[9%] setup (compilation ForkTsCheckerWebpackPlugin)
[2K[1A[2K[G[9%] setup (compilation ProgressPlugin)
[2K[1A[2K[G[9%] setup (compilation EntryPlugin)
[2K[1A[2K[G[9%] setup (compilation ChunkPrefetchPreloadPlugin)
[2K[1A[2K[G[9%] setup (compilation ModuleInfoHeaderPlugin)
[2K[1A[2K[G[9%] setup (compilation EvalSourceMapDevToolPlugin)
[2K[1A[2K[G[9%] setup (compilation JavascriptModulesPlugin)
[2K[1A[2K[G[9%] setup (compilation JsonModulesPlugin)
[2K[1A[2K[G[9%] setup (compilation AssetModulesPlugin)
[2K[1A[2K[G[9%] setup (compilation EntryPlugin)
[2K[1A[2K[G[9%] setup (compilation RuntimePlugin)
[2K[1A[2K[G[9%] setup (compilation InferAsyncModulesPlugin)
[2K[1A[2K[G[9%] setup (compilation DataUriPlugin)
[2K[1A[2K[G[9%] setup (compilation FileUriPlugin)
[2K[1A[2K[G[9%] setup (compilation CompatibilityPlugin)
[2K[1A[2K[G[9%] setup (compilation HarmonyModulesPlugin)
[2K[1A[2K[G[9%] setup (compilation AMDPlugin)
[2K[1A[2K[G[9%] setup (compilation RequireJsStuffPlugin)
[2K[1A[2K[G[9%] setup (compilation CommonJsPlugin)
[2K[1A[2K[G[9%] setup (compilation LoaderPlugin)
[2K[1A[2K[G[9%] setup (compilation NodeStuffPlugin)
[2K[1A[2K[G[9%] setup (compilation APIPlugin)
[2K[1A[2K[G[9%] setup (compilation ExportsInfoApiPlugin)
[2K[1A[2K[G[9%] setup (compilation WebpackIsIncludedPlugin)
[2K[1A[2K[G[9%] setup (compilation ConstPlugin)
[2K[1A[2K[G[9%] setup (compilation UseStrictPlugin)
[2K[1A[2K[G[9%] setup (compilation RequireIncludePlugin)
[2K[1A[2K[G[9%] setup (compilation RequireEnsurePlugin)
[2K[1A[2K[G[9%] setup (compilation RequireContextPlugin)
[2K[1A[2K[G[9%] setup (compilation ImportPlugin)
[2K[1A[2K[G[9%] setup (compilation ImportMetaContextPlugin)
[2K[1A[2K[G[9%] setup (compilation SystemPlugin)
[2K[1A[2K[G[9%] setup (compilation ImportMetaPlugin)
[2K[1A[2K[G[9%] setup (compilation URLPlugin)
[2K[1A[2K[G[9%] setup (compilation DefaultStatsFactoryPlugin)
[2K[1A[2K[G[9%] setup (compilation DefaultStatsPresetPlugin)
[2K[1A[2K[G[9%] setup (compilation DefaultStatsPrinterPlugin)
[2K[1A[2K[G[9%] setup (compilation JavascriptMetaInfoPlugin)
[2K[1A[2K[G[9%] setup (compilation EnsureChunkConditionsPlugin)
[2K[1A[2K[G[9%] setup (compilation RemoveEmptyChunksPlugin)
[2K[1A[2K[G[9%] setup (compilation MergeDuplicateChunksPlugin)
[2K[1A[2K[G[9%] setup (compilation SideEffectsFlagPlugin)
[2K[1A[2K[G[9%] setup (compilation FlagDependencyExportsPlugin)
[2K[1A[2K[G[9%] setup (compilation NamedModuleIdsPlugin)
[2K[1A[2K[G[9%] setup (compilation NamedChunkIdsPlugin)
[2K[1A[2K[G[9%] setup (compilation DefinePlugin)
[2K[1A[2K[G[9%] setup (compilation TemplatedPathPlugin)
[2K[1A[2K[G[9%] setup (compilation RecordIdsPlugin)
[2K[1A[2K[G[9%] setup (compilation WarnCaseSensitiveModulesPlugin)
[2K[1A[2K[G[9%] setup (compilation EntryPlugin)
[2K[1A[2K[G[9%] setup (compilation ProvidePlugin)
[2K[1A[2K[G[9%] setup (compilation HotModuleReplacementPlugin)
[2K[1A[2K[G[9%] setup (compilation ProgressPlugin)
[2K[1A[2K[G[9%] setup (compilation ESLintWebpackPlugin_1)
[2K[1A[2K[G[9%] setup (compilation)
[2K[1A[2K[G[10%] building 
[2K[1A[2K[G[10%] building (0/0 modules)
[2K[1A[2K[G[10%] building (import loader babel-loader/lib/index.js)
[2K[1A[2K[G[10%] building (import loader ts-loader/index.js)
[2K[1A[2K[G[10%] building (0/2 modules)
[2K[1A[2K[G[10%] building (0/6 modules)
[2K[1A[2K[G[24%] building (3/18 modules)
[2K[1A[2K[G[24%] building (import loader vue-loader/dist/index.js)
[2K[1A[2K[G[24%] building (3/18 modules)
[2K[1A[2K[G[24%] building (import loader vue-loader/dist/pitcher.js)
[2K[1A[2K[G[24%] building (import loader vue-loader/dist/templateLoader.js)
[2K[1A[2K[G[24%] building (7/33 modules)
[2K[1A[2K[G[24%] building (import loader vue-style-loader/index.js)
[2K[1A[2K[G[24%] building (import loader css-loader/dist/cjs.js)
[2K[1A[2K[G[24%] building (import loader postcss-loader/dist/cjs.js)
[2K[1A[2K[G[24%] building (7/35 modules)
[2K[1A[2K[G[24%] building (import loader vue-loader/dist/stylePostLoader.js)
[2K[1A[2K[G[24%] building (7/42 modules)
[2K[1A[2K[G[24%] building (22/214 modules)
[2K[1A[2K[G[38%] building (27/302 modules)
[2K[1A[2K[G[38%] building (31/372 modules)
[2K[1A[2K[G[38%] building (35/478 modules)
[2K[1A[2K[G[38%] building (93/527 modules)
[2K[1A[2K[G[38%] building (118/602 modules)
[2K[1A[2K[G[38%] building (214/767 modules)
[2K[1A[2K[G[38%] building (269/799 modules)
[2K[1A[2K[G[38%] building (292/818 modules)
[2K[1A[2K[G[38%] building (578/921 modules)
[2K[1A[2K[G[51%] building (642/935 modules)
[2K[1A[2K[G[51%] building (752/1224 modules)
[2K[1A[2K[G[51%] building (865/1625 modules)
[2K[1A[2K[G[51%] building (import loader monaco-editor-webpack-plugin/out/loaders/include.j
s)
[2K[1A[2K[1A[2K[G[51%] building (1018/1625 modules)
[2K[1A[2K[G[51%] building (1394/1784 modules)
[2K[1A[2K[G[51%] building (1573/2045 modules)
[2K[1A[2K[G[51%] building (1598/2209 modules)
[2K[1A[2K[G[51%] building (1670/2434 modules)
[2K[1A[2K[G[51%] building (1899/2466 modules)
[2K[1A[2K[G[51%] building (1976/2544 modules)
[2K[1A[2K[G[51%] building (2100/3172 modules)
[2K[1A[2K[G[51%] building (2210/3349 modules)
[2K[1A[2K[G[51%] building (2307/3554 modules)
[2K[1A[2K[G[51%] building (2543/3606 modules)
[2K[1A[2K[G[51%] building (2800/3733 modules)
[2K[1A[2K[G[51%] building (2947/3892 modules)
[2K[1A[2K[G[51%] building (3228/3934 modules)
[2K[1A[2K[G[51%] building (3438/4100 modules)
[2K[1A[2K[G[51%] building (3766/4183 modules)
[2K[1A[2K[G[65%] building (4230/4230 modules)
[2K[1A[2K[G[65%] building 
[2K[1A[2K[G[69%] building (finish)
[2K[1A[2K[G[70%] sealing (finish module graph)
[2K[1A[2K[G[70%] sealing (finish module graph ResolverCachePlugin)
[2K[1A[2K[G[70%] sealing (finish module graph InferAsyncModulesPlugin)
[2K[1A[2K[G[70%] sealing (finish module graph FlagDependencyExportsPlugin)
[2K[1A[2K[G[70%] sealing (finish module graph ESLintWebpackPlugin_1)
[2K[1A[2K[G[70%] sealing (finish module graph)
[2K[1A[2K[G[71%] sealing (plugins)
[2K[1A[2K[G[71%] sealing (plugins WarnCaseSensitiveModulesPlugin)
[2K[1A[2K[G[71%] sealing (plugins)
[2K[1A[2K[G[71%] sealing (dependencies optimization)
[2K[1A[2K[G[71%] sealing (dependencies optimization SideEffectsFlagPlugin)
[2K[1A[2K[G[71%] sealing (dependencies optimization)
[2K[1A[2K[G[72%] sealing (after dependencies optimization)
[2K[1A[2K[G[73%] sealing (chunk graph)
[2K[1A[2K[G[73%] sealing (after chunk graph)
[2K[1A[2K[G[74%] sealing (optimizing)
[2K[1A[2K[G[74%] sealing (module optimization)
[2K[1A[2K[G[75%] sealing (after module optimization)
[2K[1A[2K[G[76%] sealing (chunk optimization)
[2K[1A[2K[G[76%] sealing (chunk optimization EnsureChunkConditionsPlugin)
[2K[1A[2K[G[76%] sealing (chunk optimization RemoveEmptyChunksPlugin)
[2K[1A[2K[G[76%] sealing (chunk optimization MergeDuplicateChunksPlugin)
[2K[1A[2K[G[76%] sealing (chunk optimization SplitChunksPlugin)
[2K[1A[2K[G[76%] sealing (chunk optimization RemoveEmptyChunksPlugin)
[2K[1A[2K[G[76%] sealing (chunk optimization)
[2K[1A[2K[G[76%] sealing (after chunk optimization)
[2K[1A[2K[G[77%] sealing (module and chunk tree optimization)
[2K[1A[2K[G[77%] sealing (module and chunk tree optimization PersistentChildCompilerSinglet
onPlugin)
[2K[1A[2K[1A[2K[G[77%] sealing (module and chunk tree optimization)
[2K[1A[2K[G[78%] sealing (after module and chunk tree optimization)
[2K[1A[2K[G[78%] sealing (chunk modules optimization)
[2K[1A[2K[G[79%] sealing (after chunk modules optimization)
[2K[1A[2K[G[80%] sealing (module reviving)
[2K[1A[2K[G[80%] sealing (module reviving RecordIdsPlugin)
[2K[1A[2K[G[80%] sealing (module reviving)
[2K[1A[2K[G[80%] sealing (before module ids)
[2K[1A[2K[G[81%] sealing (module ids)
[2K[1A[2K[G[81%] sealing (module ids NamedModuleIdsPlugin)
[2K[1A[2K[G[81%] sealing (module ids)
[2K[1A[2K[G[82%] sealing (module id optimization)
[2K[1A[2K[G[82%] sealing (module id optimization)
[2K[1A[2K[G[83%] sealing (chunk reviving)
[2K[1A[2K[G[83%] sealing (chunk reviving RecordIdsPlugin)
[2K[1A[2K[G[83%] sealing (chunk reviving)
[2K[1A[2K[G[83%] sealing (before chunk ids)
[2K[1A[2K[G[84%] sealing (chunk ids)
[2K[1A[2K[G[84%] sealing (chunk ids NamedChunkIdsPlugin)
[2K[1A[2K[G[84%] sealing (chunk ids)
[2K[1A[2K[G[85%] sealing (chunk id optimization)
[2K[1A[2K[G[85%] sealing (after chunk id optimization)
[2K[1A[2K[G[86%] sealing (record modules)
[2K[1A[2K[G[86%] sealing (record modules RecordIdsPlugin)
[2K[1A[2K[G[86%] sealing (record modules)
[2K[1A[2K[G[87%] sealing (record chunks)
[2K[1A[2K[G[87%] sealing (record chunks RecordIdsPlugin)
[2K[1A[2K[G[87%] sealing (record chunks)
[2K[1A[2K[G[87%] sealing (module hashing)
[2K[1A[2K[G[88%] sealing (code generation)
[2K[1A[2K[G[89%] sealing (runtime requirements)
[2K[1A[2K[G[89%] sealing (hashing)
[2K[1A[2K[G[90%] sealing (after hashing)
[2K[1A[2K[G[91%] sealing (record hash)
[2K[1A[2K[G[91%] sealing (module assets processing)
[2K[1A[2K[G[92%] sealing (chunk assets processing)
[2K[1A[2K[G[92%] sealing (asset processing)
[2K[1A[2K[G[92%] sealing (asset processing copy-webpack-plugin)
[2K[1A[2K[G[92%] sealing (asset processing HotModuleReplacementPlugin)
[2K[1A[2K[G[92%] sealing (asset processing ESLintWebpackPlugin_1)
[2K[1A[2K[G[92%] sealing (asset processing PersistentChildCompilerSingletonPlugin)
[2K[1A[2K[G[92%] sealing (asset processing HtmlWebpackPlugin)
[2K[1A[2K[G[92%] sealing (asset processing)
[2K[1A[2K[G[93%] sealing (after asset optimization)
[2K[1A[2K[G[94%] sealing (recording)
[2K[1A[2K[G[94%] sealing (recording HotModuleReplacementPlugin)
[2K[1A[2K[G[94%] sealing (recording)
[2K[1A[2K[G[94%] sealing (after seal)
[2K[1A[2K[G[95%] emitting (emit)
[2K[1A[2K[G[98%] emitting (after emit)
[2K[1A[2K[GBuild finished at 15:10:36 by 0.000s
[2K[1A[2K[GBuild finished at 15:10:36 by 0.000s
[2K[1A[2K[GBuild finished at 15:10:36 by 0.000s
[2K[1A[2K[G WARNING  Compiled with 1 warning15:10:36

[eslint] 
D:\SJJ_biyesheji\bishe\oj-frontend\src\access\checkAccess.ts
  9:33  warning  Unexpected any. Specify a different type  @typescript-eslint/no-explicit-any

D:\SJJ_biyesheji\bishe\oj-frontend\src\components\MdEditor.vue
  14:18  warning  'Viewer' is defined but never used          @typescript-eslint/no-unused-vars
  15:10  warning  'ref' is defined but never used             @typescript-eslint/no-unused-vars
  36:7   warning  'props' is assigned a value but never used  @typescript-eslint/no-unused-vars

D:\SJJ_biyesheji\bishe\oj-frontend\src\components\MdViewer.vue
  27:7  warning  'props' is assigned a value but never used  @typescript-eslint/no-unused-vars

D:\SJJ_biyesheji\bishe\oj-frontend\src\router\index.ts
  1:42  warning  'RouteRecordRaw' is defined but never used  @typescript-eslint/no-unused-vars

D:\SJJ_biyesheji\bishe\oj-frontend\src\router\routes.ts
  2:8  warning  'HomeView' is defined but never used   @typescript-eslint/no-unused-vars
  6:8  warning  'AdminView' is defined but never used  @typescript-eslint/no-unused-vars

D:\SJJ_biyesheji\bishe\oj-frontend\src\services\postApi.ts
  19:45  warning  Unexpected any. Specify a different type  @typescript-eslint/no-explicit-any
  29:50  warning  Unexpected any. Specify a different type  @typescript-eslint/no-explicit-any
  52:10  warning  Unexpected any. Specify a different type  @typescript-eslint/no-explicit-any

D:\SJJ_biyesheji\bishe\oj-frontend\src\store\user.ts
  14:43  warning  'payload' is defined but never used       @typescript-eslint/no-unused-vars
  32:19  warning  Unexpected any. Specify a different type  @typescript-eslint/no-explicit-any

D:\SJJ_biyesheji\bishe\oj-frontend\src\utils\postAdapter.ts
  30:56  warning  Unexpected any. Specify a different type  @typescript-eslint/no-explicit-any

D:\SJJ_biyesheji\bishe\oj-frontend\src\views\post\DiscussionView.vue
  179:22  warning  Unexpected any. Specify a different type  @typescript-eslint/no-explicit-any
  195:60  warning  Unexpected any. Specify a different type  @typescript-eslint/no-explicit-any
  260:10  warning  Unexpected any. Specify a different type  @typescript-eslint/no-explicit-any
  274:30  warning  Unexpected any. Specify a different type  @typescript-eslint/no-explicit-any
  289:31  warning  Unexpected any. Specify a different type  @typescript-eslint/no-explicit-any
  331:25  warning  Unexpected any. Specify a different type  @typescript-eslint/no-explicit-any

D:\SJJ_biyesheji\bishe\oj-frontend\src\views\post\PostDetailView.vue
  160:24  warning  Unexpected any. Specify a different type  @typescript-eslint/no-explicit-any
  165:25  warning  Unexpected any. Specify a different type  @typescript-eslint/no-explicit-any
  278:29  warning  Unexpected any. Specify a different type  @typescript-eslint/no-explicit-any
  294:29  warning  Unexpected any. Specify a different type  @typescript-eslint/no-explicit-any

D:\SJJ_biyesheji\bishe\oj-frontend\src\views\question\AddQuestionView.vue
  139:11  warning  Unexpected any. Specify a different type  @typescript-eslint/no-explicit-any
  142:30  warning  Unexpected any. Specify a different type  @typescript-eslint/no-explicit-any
  152:65  warning  Unexpected any. Specify a different type  @typescript-eslint/no-explicit-any
  161:69  warning  Unexpected any. Specify a different type  @typescript-eslint/no-explicit-any
  166:55  warning  Unexpected any. Specify a different type  @typescript-eslint/no-explicit-any

D:\SJJ_biyesheji\bishe\oj-frontend\src\views\question\ManageQuestionView.vue
  28:3   warning  'Page_Question_' is defined but never used  @typescript-eslint/no-unused-vars
  33:13  warning  'querystring' is defined but never used     @typescript-eslint/no-unused-vars

D:\SJJ_biyesheji\bishe\oj-frontend\src\views\question\QuestionsView.vue
  58:3   warning  'Page_Question_' is defined but never used  @typescript-eslint/no-unused-vars
  64:13  warning  'querystring' is defined but never used     @typescript-eslint/no-unused-vars

D:\SJJ_biyesheji\bishe\oj-frontend\src\views\question\UpdateQuestionView.vue
  139:11  warning  Unexpected any. Specify a different type  @typescript-eslint/no-explicit-any
  142:30  warning  Unexpected any. Specify a different type  @typescript-eslint/no-explicit-any
  152:65  warning  Unexpected any. Specify a different type  @typescript-eslint/no-explicit-any
  161:69  warning  Unexpected any. Specify a different type  @typescript-eslint/no-explicit-any
  166:55  warning  Unexpected any. Specify a different type  @typescript-eslint/no-explicit-any

D:\SJJ_biyesheji\bishe\oj-frontend\src\views\question\ViewQuestionView.vue
  96:17  warning  Unexpected any. Specify a different type  @typescript-eslint/no-explicit-any

D:\SJJ_biyesheji\bishe\oj-frontend\src\views\user\UserAccountView.vue
  368:7  warning  'togglePassword' is assigned a value but never used  @typescript-eslint/no-unused-vars

D:\SJJ_biyesheji\bishe\oj-frontend\src\views\user\UserProfileView.vue
  170:27  warning  Unexpected any. Specify a different type  @typescript-eslint/no-explicit-any
  178:22  warning  Unexpected any. Specify a different type  @typescript-eslint/no-explicit-any
  179:26  warning  Unexpected any. Specify a different type  @typescript-eslint/no-explicit-any
  180:24  warning  Unexpected any. Specify a different type  @typescript-eslint/no-explicit-any
  270:10  warning  Unexpected any. Specify a different type  @typescript-eslint/no-explicit-any
  288:10  warning  Unexpected any. Specify a different type  @typescript-eslint/no-explicit-any
  311:12  warning  Unexpected any. Specify a different type  @typescript-eslint/no-explicit-any
  328:19  warning  Unexpected any. Specify a different type  @typescript-eslint/no-explicit-any

✖ 48 problems (0 errors, 48 warnings)


You may use special comments to disable some warnings.
Use // eslint-disable-next-line to ignore the next line.
Use /* eslint-disable */ to ignore all warnings in a file.
Build finished at 15:10:36 by 0.000s
[2K[1A[2K[GBuild finished at 15:10:36 by 0.000s
[2K[1A[2K[G
  App running at:
  - Local:   http://localhost:8080/ 
  - Network: http://192.168.1.174:8080/

  Note that the development build is not optimized.
  To create a production build, run npm run build.

Build finished at 15:10:36 by 0.000s
[2K[1A[2K[GBuild finished at 15:10:36 by 0.000s
[2K[1A[2K[GBuild finished at 15:10:36 by 0.000s
[2K[1A[2K[GBuild finished at 15:10:36 by 0.000s
[2K[1A[2K[GBuild finished at 15:10:36 by 0.000s
[2K[1A[2K[GBuild finished at 15:10:36 by 0.000s
[2K[1A[2K[GBuild finished at 15:10:36 by 0.000s
[2K[1A[2K[GBuild finished at 15:10:36 by 0.000s
[2K[1A[2K[GBuild finished at 15:10:36 by 0.000s
[2K[1A[2K[GNo issues found.
